<?xml version="1.0" encoding="UTF-8"?>
<!-- Generated by org.testng.reporters.JUnitReportReporter -->
<testsuite skipped="1" hostname="NMORENO-LAP" name="RunTest" tests="1" failures="0" timestamp="2020-10-21T20:10:38 CDT" time="0.000" errors="0">
  <testcase name="feature" time="0.000" classname="RunTest">
    <skipped/>
  </testcase> <!-- feature -->
  <system-out/>
</testsuite> <!-- RunTest -->
